{"level":"error","message":"Context is not finalized. You may forget returning Response object or `await next()`","originalColumn":26,"originalLine":212,"service":"hono-service","stack":"Error: Context is not finalized. You may forget returning Response object or `await next()`\n    at <anonymous> (H:\\web\\node\\firstHonoApi\\node_modules\\hono\\dist\\hono-base.js:245:21)\n    at processTicksAndRejections (:12:39)","timestamp":"2024-09-02 01:39:13"}
{"level":"error","message":"数据库连接失败","service":"hono-service","timestamp":"2024-09-02 01:45:05"}
{"code":"ENOENT","errno":-2,"level":"error","message":"No such file or directory","originalColumn":33,"originalLine":13,"path":"H:\\web\\node\\firstHonoApi\\public\\img\\updateImg","service":"hono-service","stack":"ENOENT: No such file or directory\n    at readdirSync (native)\n    at <anonymous> (H:\\web\\node\\firstHonoApi\\src\\services\\userService.ts:34:22)\n    at getRandHeadImg (H:\\web\\node\\firstHonoApi\\src\\services\\userService.ts:30:24)\n    at <anonymous> (H:\\web\\node\\firstHonoApi\\src\\controllers\\userController.ts:33:35)\n    at getRandHeadImg (H:\\web\\node\\firstHonoApi\\src\\controllers\\userController.ts:32:24)\n    at <anonymous> (H:\\web\\node\\firstHonoApi\\node_modules\\hono\\dist\\compose.js:29:23)\n    at dispatch (H:\\web\\node\\firstHonoApi\\node_modules\\hono\\dist\\compose.js:7:32)\n    at <anonymous> (H:\\web\\node\\firstHonoApi\\src\\middleware\\auth.ts:10:9)\n    at authMiddleware (H:\\web\\node\\firstHonoApi\\src\\middleware\\auth.ts:4:38)\n    at <anonymous> (H:\\web\\node\\firstHonoApi\\node_modules\\hono\\dist\\compose.js:29:23)","syscall":"open","timestamp":"2024-09-02 02:18:12"}
{"level":"error","message":"No such file or directory","service":"hono-service","timestamp":"2024-09-02 02:18:36"}
{"level":"error","message":"Context is not finalized. You may forget returning Response object or `await next()`","service":"hono-service","timestamp":"2024-09-02 02:53:07"}
{"level":"error","message":"undefined is not an object (evaluating 'e.code')","service":"hono-service","timestamp":"2024-09-02 03:04:43"}
{"level":"error","message":"undefined is not an object (evaluating 'e.code')","service":"hono-service","timestamp":"2024-09-02 03:05:07"}
{"level":"error","message":"No such file or directory","service":"hono-service","timestamp":"2024-09-02 03:29:31"}
{"level":"error","message":"Context is not finalized. You may forget returning Response object or `await next()`","service":"hono-service","timestamp":"2024-09-02 20:42:18"}
{"level":"error","message":"Context is not finalized. You may forget returning Response object or `await next()`","service":"hono-service","timestamp":"2024-09-02 20:43:47"}
{"level":"error","message":"Context is not finalized. You may forget returning Response object or `await next()`","service":"hono-service","timestamp":"2024-09-02 20:44:27"}
{"level":"error","message":"Context is not finalized. You may forget returning Response object or `await next()`","service":"hono-service","timestamp":"2024-09-02 20:45:13"}
{"level":"error","message":"Context is not finalized. You may forget returning Response object or `await next()`","service":"hono-service","timestamp":"2024-09-02 20:45:49"}
{"level":"error","message":"Context is not finalized. You may forget returning Response object or `await next()`","service":"hono-service","timestamp":"2024-09-02 20:47:21"}
{"level":"error","message":"JSON Parse error: Unexpected identifier \"data\"","service":"hono-service","timestamp":"2024-10-16 11:25:04"}
{"level":"error","message":"JSON Parse error: Unexpected identifier \"data\"","service":"hono-service","timestamp":"2024-10-16 11:26:19"}
{"level":"error","message":"JSON Parse error: Unexpected identifier \"data\"","service":"hono-service","timestamp":"2024-10-16 11:32:55"}
{"level":"error","message":"JSON Parse error: Unexpected identifier \"data\"","service":"hono-service","timestamp":"2024-10-16 11:34:33"}
{"level":"error","message":"JSON Parse error: Unexpected identifier \"data\"","service":"hono-service","timestamp":"2024-10-16 11:34:51"}
{"level":"error","message":"JSON Parse error: Unexpected identifier \"data\"","service":"hono-service","timestamp":"2024-10-16 11:36:03"}
{"level":"error","message":"JSON Parse error: Unexpected identifier \"data\"","service":"hono-service","timestamp":"2024-10-16 11:37:17"}
{"level":"error","message":"JSON Parse error: Unexpected identifier \"data\"","service":"hono-service","timestamp":"2024-10-16 11:39:21"}
{"level":"error","message":"JSON Parse error: Unexpected identifier \"data\"","service":"hono-service","timestamp":"2024-10-16 11:40:08"}
{"level":"error","message":"JSON Parse error: Unexpected identifier \"data\"","service":"hono-service","timestamp":"2024-10-16 11:41:26"}
{"level":"error","message":"JSON Parse error: Unexpected identifier \"data\"","service":"hono-service","timestamp":"2024-10-16 11:42:17"}
{"level":"error","message":"JSON Parse error: Unexpected identifier \"data\"","service":"hono-service","timestamp":"2024-10-16 11:44:16"}
{"level":"error","message":"JSON Parse error: Unexpected identifier \"data\"","service":"hono-service","timestamp":"2024-10-16 11:44:47"}
{"level":"error","message":"JSON Parse error: Unexpected identifier \"data\"","service":"hono-service","timestamp":"2024-10-16 11:48:57"}
{"level":"error","message":"JSON Parse error: Unexpected identifier \"data\"","service":"hono-service","timestamp":"2024-10-16 11:50:18"}
{"level":"error","message":"JSON Parse error: Unexpected identifier \"data\"","service":"hono-service","timestamp":"2024-10-16 11:51:12"}
{"level":"error","message":"JSON Parse error: Unexpected EOF","service":"hono-service","timestamp":"2024-10-16 11:51:38"}
{"level":"error","message":"JSON Parse error: Unexpected EOF","service":"hono-service","timestamp":"2024-10-16 11:52:14"}
{"level":"error","message":"Failed to parse JSON","service":"hono-service","timestamp":"2024-10-16 11:52:25"}
{"level":"error","message":"JSON Parse error: Unexpected identifier \"data\"","service":"hono-service","timestamp":"2024-10-16 11:55:20"}
{"level":"error","message":"JSON Parse error: Unexpected identifier \"data\"","service":"hono-service","timestamp":"2024-10-16 12:12:01"}
{"level":"error","message":"JSON Parse error: Unexpected identifier \"data\"","service":"hono-service","timestamp":"2024-10-16 12:13:26"}
{"level":"error","message":"JSON Parse error: Unexpected identifier \"data\"","service":"hono-service","timestamp":"2024-10-16 12:15:43"}
{"level":"error","message":"Failed to parse JSON","service":"hono-service","timestamp":"2024-10-16 12:16:00"}
{"level":"error","message":"Failed to parse JSON","service":"hono-service","timestamp":"2024-10-16 12:16:30"}
{"level":"error","message":"Failed to parse JSON","service":"hono-service","timestamp":"2024-10-16 12:16:53"}
{"level":"error","message":"JSON Parse error: Unexpected identifier \"data\"","service":"hono-service","timestamp":"2024-10-16 12:23:24"}
{"level":"error","message":"JSON Parse error: Unexpected identifier \"data\"","service":"hono-service","timestamp":"2024-10-16 12:23:49"}
{"level":"error","message":"JSON Parse error: Unexpected identifier \"data\"","service":"hono-service","timestamp":"2024-10-16 12:25:20"}
{"level":"error","message":"JSON Parse error: Unexpected identifier \"data\"","service":"hono-service","timestamp":"2024-10-16 12:29:31"}
